<?xml version="1.0" encoding="UTF-8"?>
<!-- Generated by org.testng.reporters.JUnitReportReporter -->
<testsuite hostname="LAPTOP-4K3HAHDR" name="com.training.test.ResourcesPageTest" tests="1" failures="0" timestamp="28 Mar 2017 05:46:01 GMT" time="0.007" errors="0">
  <testcase name="testTitle" time="0.007" classname="com.training.test.ResourcesPageTest"/>
</testsuite> <!-- com.training.test.ResourcesPageTest -->
