<?xml version="1.0" encoding="UTF-8"?>
<!-- Generated by org.testng.reporters.JUnitReportReporter -->
<testsuite hostname="LAPTOP-4K3HAHDR" name="com.training.test.PortalPageTest" tests="6" failures="0" timestamp="28 Mar 2017 05:46:01 GMT" time="1.917" errors="0">
  <testcase name="testInfoClick" time="1.553" classname="com.training.test.PortalPageTest"/>
  <testcase name="testHomeClick" time="0.033" classname="com.training.test.PortalPageTest"/>
  <testcase name="testFooterBar" time="0.241" classname="com.training.test.PortalPageTest"/>
  <testcase name="testIsLogoPresent" time="0.039" classname="com.training.test.PortalPageTest"/>
  <testcase name="testNavItems" time="0.030" classname="com.training.test.PortalPageTest"/>
  <testcase name="testSocialIcons" time="0.021" classname="com.training.test.PortalPageTest"/>
</testsuite> <!-- com.training.test.PortalPageTest -->
