<?xml version="1.0" encoding="UTF-8"?>
<!-- Generated by org.testng.reporters.JUnitReportReporter -->
<testsuite hostname="LAPTOP-4K3HAHDR" name="com.training.test.LoginPageTest" tests="5" failures="0" timestamp="28 Mar 2017 05:46:01 GMT" time="2.008" errors="0">
  <testcase name="testLogin" time="0.240" classname="com.training.test.LoginPageTest"/>
  <testcase name="testLogin" time="0.122" classname="com.training.test.LoginPageTest"/>
  <testcase name="testLogin" time="0.129" classname="com.training.test.LoginPageTest"/>
  <testcase name="testLogin" time="0.120" classname="com.training.test.LoginPageTest"/>
  <testcase name="testBreadCrumbs" time="1.397" classname="com.training.test.LoginPageTest"/>
</testsuite> <!-- com.training.test.LoginPageTest -->
