<?xml version="1.0" encoding="UTF-8"?>
<!-- Generated by org.testng.reporters.JUnitReportReporter -->
<testsuite hostname="LAPTOP-4K3HAHDR" name="com.training.test.FAQPageTest" tests="2" failures="0" timestamp="28 Mar 2017 05:46:01 GMT" time="0.062" errors="0">
  <testcase name="testCountQues" time="0.035" classname="com.training.test.FAQPageTest"/>
  <testcase name="testCountSocial" time="0.027" classname="com.training.test.FAQPageTest"/>
</testsuite> <!-- com.training.test.FAQPageTest -->
