<?xml version="1.0" encoding="UTF-8"?>
<!-- Generated by org.testng.reporters.JUnitReportReporter -->
<testsuite hostname="LAPTOP-4K3HAHDR" name="com.training.test.ForgotPwdPageTest" tests="1" failures="0" timestamp="28 Mar 2017 04:45:00 GMT" time="0.041" errors="0">
  <testcase name="countBreadCrumbs" time="0.041" classname="com.training.test.ForgotPwdPageTest"/>
</testsuite> <!-- com.training.test.ForgotPwdPageTest -->
